  mySystem_Curve.cpp
E:\user\OOP_Assignments\OOP_HW_Solution_202602\OOP_hw01_202602\OOP_HW_01_Package_202602\OOP_HW01_Template_NET2019_202602\primitives\vector3d.h(24,61): warning C4244: 'return': conversion from 'double' to 'float', possible loss of data
E:\user\OOP_Assignments\OOP_HW_Solution_202602\OOP_hw01_202602\OOP_HW_01_Package_202602\OOP_HW01_Template_NET2019_202602\00_StudentWork\00_SimpleInteractiveSystem\mySystem_Curve.cpp(249,10): warning C4244: '=': conversion from 'double' to 'float', possible loss of data
C:\Program Files (x86)\Microsoft Visual Studio\2019\Community\VC\Tools\MSVC\14.29.30133\include\xmemory(681,68): warning C4244: 'argument': conversion from '_Ty' to 'float', possible loss of data
          with
          [
              _Ty=double
          ]
C:\Program Files (x86)\Microsoft Visual Studio\2019\Community\VC\Tools\MSVC\14.29.30133\include\vector(713): message : see reference to function template instantiation 'void std::_Default_allocator_traits<_Alloc>::construct<_Ty,float&,float&,double>(_Alloc &,_Objty *const ,float &,float &,double &&)' being compiled
          with
          [
              _Alloc=std::allocator<vector3>,
              _Ty=vector3,
              _Objty=vector3
          ]
C:\Program Files (x86)\Microsoft Visual Studio\2019\Community\VC\Tools\MSVC\14.29.30133\include\vector(713): message : see reference to function template instantiation 'void std::_Default_allocator_traits<_Alloc>::construct<_Ty,float&,float&,double>(_Alloc &,_Objty *const ,float &,float &,double &&)' being compiled
          with
          [
              _Alloc=std::allocator<vector3>,
              _Ty=vector3,
              _Objty=vector3
          ]
C:\Program Files (x86)\Microsoft Visual Studio\2019\Community\VC\Tools\MSVC\14.29.30133\include\vector(731): message : see reference to function template instantiation 'void std::vector<vector3,std::allocator<vector3>>::_Emplace_back_with_unused_capacity<float&,float&,_Ty>(float &,float &,_Ty &&)' being compiled
          with
          [
              _Ty=double
          ]
E:\user\OOP_Assignments\OOP_HW_Solution_202602\OOP_hw01_202602\OOP_HW_01_Package_202602\OOP_HW01_Template_NET2019_202602\00_StudentWork\00_SimpleInteractiveSystem\mySystem_Curve.cpp(264): message : see reference to function template instantiation 'void std::vector<vector3,std::allocator<vector3>>::emplace_back<float&,float&,double>(float &,float &,double &&)' being compiled
  mySystem_Engine.cpp
  mySystem_GraphManager.cpp
E:\user\OOP_Assignments\OOP_HW_Solution_202602\OOP_hw01_202602\OOP_HW_01_Package_202602\OOP_HW01_Template_NET2019_202602\primitives\vector3d.h(24,61): warning C4244: 'return': conversion from 'double' to 'float', possible loss of data
E:\user\OOP_Assignments\OOP_HW_Solution_202602\OOP_hw01_202602\OOP_HW_01_Package_202602\OOP_HW01_Template_NET2019_202602\00_StudentWork\00_SimpleInteractiveSystem\mySystem_GraphManager.cpp(47,32): warning C4244: 'argument': conversion from 'double' to 'int', possible loss of data
E:\user\OOP_Assignments\OOP_HW_Solution_202602\OOP_hw01_202602\OOP_HW_01_Package_202602\OOP_HW01_Template_NET2019_202602\00_StudentWork\00_SimpleInteractiveSystem\mySystem_GraphManager.cpp(58,50): warning C4305: 'argument': truncation from 'double' to 'float'
E:\user\OOP_Assignments\OOP_HW_Solution_202602\OOP_hw01_202602\OOP_HW_01_Package_202602\OOP_HW01_Template_NET2019_202602\00_StudentWork\00_SimpleInteractiveSystem\mySystem_GraphManager.cpp(59,50): warning C4305: 'argument': truncation from 'double' to 'float'
E:\user\OOP_Assignments\OOP_HW_Solution_202602\OOP_hw01_202602\OOP_HW_01_Package_202602\OOP_HW01_Template_NET2019_202602\00_StudentWork\00_SimpleInteractiveSystem\mySystem_GraphManager.cpp(60,50): warning C4305: 'argument': truncation from 'double' to 'float'
E:\user\OOP_Assignments\OOP_HW_Solution_202602\OOP_hw01_202602\OOP_HW_01_Package_202602\OOP_HW01_Template_NET2019_202602\00_StudentWork\00_SimpleInteractiveSystem\mySystem_GraphManager.cpp(62,50): warning C4305: 'argument': truncation from 'double' to 'float'
E:\user\OOP_Assignments\OOP_HW_Solution_202602\OOP_hw01_202602\OOP_HW_01_Package_202602\OOP_HW01_Template_NET2019_202602\00_StudentWork\00_SimpleInteractiveSystem\mySystem_GraphManager.cpp(64,50): warning C4305: 'argument': truncation from 'double' to 'float'
E:\user\OOP_Assignments\OOP_HW_Solution_202602\OOP_hw01_202602\OOP_HW_01_Package_202602\OOP_HW01_Template_NET2019_202602\00_StudentWork\00_SimpleInteractiveSystem\mySystem_GraphManager.cpp(65,50): warning C4305: 'argument': truncation from 'double' to 'float'
E:\user\OOP_Assignments\OOP_HW_Solution_202602\OOP_hw01_202602\OOP_HW_01_Package_202602\OOP_HW01_Template_NET2019_202602\00_StudentWork\00_SimpleInteractiveSystem\mySystem_GraphManager.cpp(66,50): warning C4305: 'argument': truncation from 'double' to 'float'
E:\user\OOP_Assignments\OOP_HW_Solution_202602\OOP_hw01_202602\OOP_HW_01_Package_202602\OOP_HW01_Template_NET2019_202602\00_StudentWork\00_SimpleInteractiveSystem\mySystem_GraphManager.cpp(67,50): warning C4305: 'argument': truncation from 'double' to 'float'
E:\user\OOP_Assignments\OOP_HW_Solution_202602\OOP_hw01_202602\OOP_HW_01_Package_202602\OOP_HW01_Template_NET2019_202602\00_StudentWork\00_SimpleInteractiveSystem\mySystem_GraphManager.cpp(318,26): warning C4305: '+=': truncation from 'double' to 'float'
E:\user\OOP_Assignments\OOP_HW_Solution_202602\OOP_hw01_202602\OOP_HW_01_Package_202602\OOP_HW01_Template_NET2019_202602\00_StudentWork\00_SimpleInteractiveSystem\mySystem_GraphManager.cpp(320,28): warning C4305: '-=': truncation from 'double' to 'float'
  mySystem_GraphManager_draw.cpp
E:\user\OOP_Assignments\OOP_HW_Solution_202602\OOP_hw01_202602\OOP_HW_01_Package_202602\OOP_HW01_Template_NET2019_202602\00_StudentWork\00_SimpleInteractiveSystem\mySystem_GraphManager_draw.cpp(47,10): warning C4244: '=': conversion from 'const _Ty' to 'float', possible loss of data
          with
          [
              _Ty=double
          ]
E:\user\OOP_Assignments\OOP_HW_Solution_202602\OOP_hw01_202602\OOP_HW_01_Package_202602\OOP_HW01_Template_NET2019_202602\00_StudentWork\00_SimpleInteractiveSystem\mySystem_GraphManager_draw.cpp(48,10): warning C4244: '=': conversion from 'const _Ty' to 'float', possible loss of data
          with
          [
              _Ty=double
          ]
E:\user\OOP_Assignments\OOP_HW_Solution_202602\OOP_hw01_202602\OOP_HW_01_Package_202602\OOP_HW01_Template_NET2019_202602\00_StudentWork\00_SimpleInteractiveSystem\mySystem_GraphManager_draw.cpp(50,26): warning C4305: 'argument': truncation from 'double' to 'GLfloat'
E:\user\OOP_Assignments\OOP_HW_Solution_202602\OOP_hw01_202602\OOP_HW_01_Package_202602\OOP_HW01_Template_NET2019_202602\00_StudentWork\00_SimpleInteractiveSystem\mySystem_GraphManager_draw.cpp(64,25): warning C4305: 'argument': truncation from 'double' to 'GLfloat'
E:\user\OOP_Assignments\OOP_HW_Solution_202602\OOP_hw01_202602\OOP_HW_01_Package_202602\OOP_HW01_Template_NET2019_202602\00_StudentWork\00_SimpleInteractiveSystem\mySystem_GraphManager_draw.cpp(65,21): warning C4244: 'argument': conversion from 'double' to 'GLfloat', possible loss of data
E:\user\OOP_Assignments\OOP_HW_Solution_202602\OOP_hw01_202602\OOP_HW_01_Package_202602\OOP_HW01_Template_NET2019_202602\00_StudentWork\00_SimpleInteractiveSystem\mySystem_GraphManager_draw.cpp(65,13): warning C4244: 'argument': conversion from 'double' to 'GLfloat', possible loss of data
E:\user\OOP_Assignments\OOP_HW_Solution_202602\OOP_hw01_202602\OOP_HW_01_Package_202602\OOP_HW01_Template_NET2019_202602\00_StudentWork\00_SimpleInteractiveSystem\mySystem_GraphManager_draw.cpp(68,25): warning C4305: 'argument': truncation from 'double' to 'GLfloat'
E:\user\OOP_Assignments\OOP_HW_Solution_202602\OOP_hw01_202602\OOP_HW_01_Package_202602\OOP_HW01_Template_NET2019_202602\00_StudentWork\00_SimpleInteractiveSystem\mySystem_GraphManager_draw.cpp(69,21): warning C4244: 'argument': conversion from 'double' to 'GLfloat', possible loss of data
E:\user\OOP_Assignments\OOP_HW_Solution_202602\OOP_hw01_202602\OOP_HW_01_Package_202602\OOP_HW01_Template_NET2019_202602\00_StudentWork\00_SimpleInteractiveSystem\mySystem_GraphManager_draw.cpp(69,13): warning C4244: 'argument': conversion from 'double' to 'GLfloat', possible loss of data
E:\user\OOP_Assignments\OOP_HW_Solution_202602\OOP_hw01_202602\OOP_HW_01_Package_202602\OOP_HW01_Template_NET2019_202602\00_StudentWork\00_SimpleInteractiveSystem\mySystem_GraphManager_draw.cpp(78,25): warning C4305: 'argument': truncation from 'double' to 'GLfloat'
E:\user\OOP_Assignments\OOP_HW_Solution_202602\OOP_hw01_202602\OOP_HW_01_Package_202602\OOP_HW01_Template_NET2019_202602\00_StudentWork\00_SimpleInteractiveSystem\mySystem_GraphManager_draw.cpp(102,25): warning C4305: 'argument': truncation from 'double' to 'GLfloat'
E:\user\OOP_Assignments\OOP_HW_Solution_202602\OOP_hw01_202602\OOP_HW_01_Package_202602\OOP_HW01_Template_NET2019_202602\00_StudentWork\00_SimpleInteractiveSystem\mySystem_GraphManager_draw.cpp(114,47): warning C4244: 'argument': conversion from 'double' to 'float', possible loss of data
E:\user\OOP_Assignments\OOP_HW_Solution_202602\OOP_hw01_202602\OOP_HW_01_Package_202602\OOP_HW01_Template_NET2019_202602\00_StudentWork\00_SimpleInteractiveSystem\mySystem_GraphManager_draw.cpp(115,16): warning C4244: 'argument': conversion from 'double' to 'GLfloat', possible loss of data
  mySystem_Interaction.cpp
E:\user\OOP_Assignments\OOP_HW_Solution_202602\OOP_hw01_202602\OOP_HW_01_Package_202602\OOP_HW01_Template_NET2019_202602\primitives\vector3d.h(24,61): warning C4244: 'return': conversion from 'double' to 'float', possible loss of data
  mySystem_Objects.cpp
E:\user\OOP_Assignments\OOP_HW_Solution_202602\OOP_hw01_202602\OOP_HW_01_Package_202602\OOP_HW01_Template_NET2019_202602\00_StudentWork\00_SimpleInteractiveSystem\mySystem_Objects.cpp(123,20): warning C4305: 'initializing': truncation from 'double' to 'float'
C:\Program Files (x86)\Microsoft Visual Studio\2019\Community\VC\Tools\MSVC\14.29.30133\include\xmemory(681,68): warning C4244: 'argument': conversion from 'double' to 'float', possible loss of data
C:\Program Files (x86)\Microsoft Visual Studio\2019\Community\VC\Tools\MSVC\14.29.30133\include\vector(713): message : see reference to function template instantiation 'void std::_Default_allocator_traits<_Alloc>::construct<_Ty,vector3&,double&>(_Alloc &,_Objty *const ,vector3 &,double &)' being compiled
          with
          [
              _Alloc=std::allocator<CIRCLE>,
              _Ty=CIRCLE,
              _Objty=CIRCLE
          ]
C:\Program Files (x86)\Microsoft Visual Studio\2019\Community\VC\Tools\MSVC\14.29.30133\include\vector(713): message : see reference to function template instantiation 'void std::_Default_allocator_traits<_Alloc>::construct<_Ty,vector3&,double&>(_Alloc &,_Objty *const ,vector3 &,double &)' being compiled
          with
          [
              _Alloc=std::allocator<CIRCLE>,
              _Ty=CIRCLE,
              _Objty=CIRCLE
          ]
C:\Program Files (x86)\Microsoft Visual Studio\2019\Community\VC\Tools\MSVC\14.29.30133\include\vector(731): message : see reference to function template instantiation 'void std::vector<CIRCLE,std::allocator<CIRCLE>>::_Emplace_back_with_unused_capacity<vector3&,double&>(vector3 &,double &)' being compiled
E:\user\OOP_Assignments\OOP_HW_Solution_202602\OOP_hw01_202602\OOP_HW_01_Package_202602\OOP_HW01_Template_NET2019_202602\00_StudentWork\00_SimpleInteractiveSystem\mySystem_Objects.cpp(41): message : see reference to function template instantiation 'void std::vector<CIRCLE,std::allocator<CIRCLE>>::emplace_back<vector3&,double&>(vector3 &,double &)' being compiled
  mySystem_Objects_draw.cpp
E:\user\OOP_Assignments\OOP_HW_Solution_202602\OOP_hw01_202602\OOP_HW_01_Package_202602\OOP_HW01_Template_NET2019_202602\primitives\vector3d.h(24,61): warning C4244: 'return': conversion from 'double' to 'float', possible loss of data
E:\user\OOP_Assignments\OOP_HW_Solution_202602\OOP_hw01_202602\OOP_HW_01_Package_202602\OOP_HW01_Template_NET2019_202602\00_StudentWork\00_SimpleInteractiveSystem\mySystem_Objects_draw.cpp(8,27): warning C4305: 'argument': truncation from 'double' to 'float'
E:\user\OOP_Assignments\OOP_HW_Solution_202602\OOP_hw01_202602\OOP_HW_01_Package_202602\OOP_HW01_Template_NET2019_202602\00_StudentWork\00_SimpleInteractiveSystem\mySystem_Objects_draw.cpp(9,27): warning C4305: 'argument': truncation from 'double' to 'float'
E:\user\OOP_Assignments\OOP_HW_Solution_202602\OOP_hw01_202602\OOP_HW_01_Package_202602\OOP_HW01_Template_NET2019_202602\00_StudentWork\00_SimpleInteractiveSystem\mySystem_Objects_draw.cpp(18,12): warning C4244: 'initializing': conversion from 'double' to 'float', possible loss of data
E:\user\OOP_Assignments\OOP_HW_Solution_202602\OOP_hw01_202602\OOP_HW_01_Package_202602\OOP_HW01_Template_NET2019_202602\00_StudentWork\00_SimpleInteractiveSystem\mySystem_Objects_draw.cpp(19,12): warning C4244: 'initializing': conversion from 'double' to 'float', possible loss of data
E:\user\OOP_Assignments\OOP_HW_Solution_202602\OOP_hw01_202602\OOP_HW_01_Package_202602\OOP_HW01_Template_NET2019_202602\00_StudentWork\00_SimpleInteractiveSystem\mySystem_Objects_draw.cpp(28,11): warning C4244: '=': conversion from 'double' to 'float', possible loss of data
E:\user\OOP_Assignments\OOP_HW_Solution_202602\OOP_hw01_202602\OOP_HW_01_Package_202602\OOP_HW01_Template_NET2019_202602\00_StudentWork\00_SimpleInteractiveSystem\mySystem_Objects_draw.cpp(29,11): warning C4244: '=': conversion from 'double' to 'float', possible loss of data
  basic_app.cpp
  main.cpp
  mySystemApp.cpp
E:\user\OOP_Assignments\OOP_HW_Solution_202602\OOP_hw01_202602\OOP_HW_01_Package_202602\OOP_HW01_Template_NET2019_202602\primitives\vector3d.h(24,61): warning C4244: 'return': conversion from 'double' to 'float', possible loss of data
  mySystemApp_draw.cpp
E:\user\OOP_Assignments\OOP_HW_Solution_202602\OOP_hw01_202602\OOP_HW_01_Package_202602\OOP_HW01_Template_NET2019_202602\primitives\vector3d.h(24,61): warning C4244: 'return': conversion from 'double' to 'float', possible loss of data
  mySystemApp_HandleEvents.cpp
E:\user\OOP_Assignments\OOP_HW_Solution_202602\OOP_hw01_202602\OOP_HW_01_Package_202602\OOP_HW01_Template_NET2019_202602\00_StudentWork\00_SimpleInteractiveSystem\mySystemApp_HandleEvents.cpp(39,2): warning C4060: switch statement contains no 'case' or 'default' labels
E:\user\OOP_Assignments\OOP_HW_Solution_202602\OOP_hw01_202602\OOP_HW_01_Package_202602\OOP_HW01_Template_NET2019_202602\00_StudentWork\00_SimpleInteractiveSystem\mySystemApp_HandleEvents.cpp(45,2): warning C4060: switch statement contains no 'case' or 'default' labels
E:\user\OOP_Assignments\OOP_HW_Solution_202602\OOP_hw01_202602\OOP_HW_01_Package_202602\OOP_HW01_Template_NET2019_202602\00_StudentWork\00_SimpleInteractiveSystem\mySystemApp_HandleEvents.cpp(80,6): warning C4060: switch statement contains no 'case' or 'default' labels
E:\user\OOP_Assignments\OOP_HW_Solution_202602\OOP_hw01_202602\OOP_HW_01_Package_202602\OOP_HW01_Template_NET2019_202602\00_StudentWork\00_SimpleInteractiveSystem\mySystemApp_HandleEvents.cpp(87,2): warning C4060: switch statement contains no 'case' or 'default' labels
  camera.cpp
  ogl_basic_tools.cpp
E:\user\OOP_Assignments\OOP_HW_Solution_202602\OOP_hw01_202602\OOP_HW_01_Package_202602\OOP_HW01_Template_NET2019_202602\openGLbasic\ogl_basic_tools.cpp(41,46): warning C4305: 'argument': truncation from 'double' to 'float'
E:\user\OOP_Assignments\OOP_HW_Solution_202602\OOP_hw01_202602\OOP_HW_01_Package_202602\OOP_HW01_Template_NET2019_202602\openGLbasic\ogl_basic_tools.cpp(123,35): warning C4244: 'argument': conversion from 'double' to 'const float', possible loss of data
  opengl_stuff.cpp
  painter_draw.cpp
E:\user\OOP_Assignments\OOP_HW_Solution_202602\OOP_hw01_202602\OOP_HW_01_Package_202602\OOP_HW01_Template_NET2019_202602\primitives\vector3d.h(24,61): warning C4244: 'return': conversion from 'double' to 'float', possible loss of data
  openGLapp.cpp
  openGLapp.events.cpp
  openGLapp_draw.cpp
  openGLapp_init.cpp
  Compiling...
  openGLapp_update.cpp
  basic_tools.cpp
  grid2D.cpp
  provider.cpp
  vector3d.cpp
  fileReader.cpp
  imageReader.cpp
  BG_grid2D.cpp
E:\user\OOP_Assignments\OOP_HW_Solution_202602\OOP_hw01_202602\OOP_HW_01_Package_202602\OOP_HW01_Template_NET2019_202602\primitives\vector3d.h(24,61): warning C4244: 'return': conversion from 'double' to 'float', possible loss of data
  boardGame.cpp
  painter.cpp
E:\user\OOP_Assignments\OOP_HW_Solution_202602\OOP_hw01_202602\OOP_HW_01_Package_202602\OOP_HW01_Template_NET2019_202602\primitives\vector3d.h(24,61): warning C4244: 'return': conversion from 'double' to 'float', possible loss of data
  boardGameApp.cpp
  freeCanvas2D.cpp
E:\user\OOP_Assignments\OOP_HW_Solution_202602\OOP_hw01_202602\OOP_HW_01_Package_202602\OOP_HW01_Template_NET2019_202602\primitives\vector3d.h(24,61): warning C4244: 'return': conversion from 'double' to 'float', possible loss of data
  lattice_manager.cpp
  paintingSystem.cpp
E:\user\OOP_Assignments\OOP_HW_Solution_202602\OOP_hw01_202602\OOP_HW_01_Package_202602\OOP_HW01_Template_NET2019_202602\primitives\vector3d.h(24,61): warning C4244: 'return': conversion from 'double' to 'float', possible loss of data
  paintingSystemApp.cpp
E:\user\OOP_Assignments\OOP_HW_Solution_202602\OOP_hw01_202602\OOP_HW_01_Package_202602\OOP_HW01_Template_NET2019_202602\primitives\vector3d.h(24,61): warning C4244: 'return': conversion from 'double' to 'float', possible loss of data
  paintingSystemApp_draw.cpp
E:\user\OOP_Assignments\OOP_HW_Solution_202602\OOP_hw01_202602\OOP_HW_01_Package_202602\OOP_HW01_Template_NET2019_202602\primitives\vector3d.h(24,61): warning C4244: 'return': conversion from 'double' to 'float', possible loss of data
  paintingSystemApp_HandleEvents.cpp
E:\user\OOP_Assignments\OOP_HW_Solution_202602\OOP_hw01_202602\OOP_HW_01_Package_202602\OOP_HW01_Template_NET2019_202602\primitives\vector3d.h(24,61): warning C4244: 'return': conversion from 'double' to 'float', possible loss of data
  texture.cpp
  textureManager.cpp
  textureManager_read.cpp
E:\user\OOP_Assignments\OOP_HW_Solution_202602\OOP_hw01_202602\OOP_HW_01_Package_202602\OOP_HW01_Template_NET2019_202602\textureManager\textureManager_read.cpp(46,12): warning C4834: discarding return value of function with 'nodiscard' attribute
C:\Program Files (x86)\Microsoft Visual Studio\2019\Community\MSBuild\Microsoft\VC\v160\Microsoft.CppBuild.targets(1363,5): warning MSB8012: TargetPath(E:\user\OOP_Assignments\OOP_HW_Solution_202602\OOP_hw01_202602\OOP_HW_01_Package_202602\OOP_HW01_Template_NET2019_202602\Release\myFirstSystem.exe) does not match the Linker's OutputFile property value (E:\user\OOP_Assignments\OOP_HW_Solution_202602\OOP_hw01_202602\OOP_HW_01_Package_202602\OOP_HW01_Template_NET2019_202602\bin\Release\enjoy_programming.exe). This may cause your project to build incorrectly. To correct this, please make sure that $(OutDir), $(TargetName) and $(TargetExt) property values match the value specified in %(Link.OutputFile).
C:\Program Files (x86)\Microsoft Visual Studio\2019\Community\MSBuild\Microsoft\VC\v160\Microsoft.CppBuild.targets(1365,5): warning MSB8012: TargetName(myFirstSystem) does not match the Linker's OutputFile property value (enjoy_programming). This may cause your project to build incorrectly. To correct this, please make sure that $(OutDir), $(TargetName) and $(TargetExt) property values match the value specified in %(Link.OutputFile).
  Generating code
E:\user\OOP_Assignments\OOP_HW_Solution_202602\OOP_hw01_202602\OOP_HW_01_Package_202602\OOP_HW01_Template_NET2019_202602\00_StudentWork\00_SimpleInteractiveSystem\mySystem_Curve.cpp(260): warning C4700: uninitialized local variable 'nx' used
E:\user\OOP_Assignments\OOP_HW_Solution_202602\OOP_hw01_202602\OOP_HW_01_Package_202602\OOP_HW01_Template_NET2019_202602\00_StudentWork\00_SimpleInteractiveSystem\mySystem_Curve.cpp(261): warning C4700: uninitialized local variable 'ny' used
  599 of 611 functions (98.0%) were compiled, the rest were copied from previous compilation.
    8 functions were new in current compilation
    2 functions had inline decision re-evaluated but remain unchanged
  Finished generating code
  asm.vcxproj -> E:\user\OOP_Assignments\OOP_HW_Solution_202602\OOP_hw01_202602\OOP_HW_01_Package_202602\OOP_HW01_Template_NET2019_202602\Release\myFirstSystem.exe
